<?xml version="1.0" encoding="UTF-8"?>
<!-- Generated by org.testng.reporters.JUnitXMLReporter -->
<testsuite hostname="EPKZKARW0269" ignored="0" name="Cloud test" tests="4" failures="0" timestamp="2018-12-24T14:47:26 ALMT" time="29.843" errors="0">
  <testcase name="loginTest" time="9.903" classname="test.CloudTest"/>
  <testcase name="createFolder" time="8.458" classname="test.CloudTest"/>
  <testcase name="removeTheFolder" time="1.518" classname="test.CloudTest"/>
  <testcase name="doubleClickTest" time="0.249" classname="test.CloudTest"/>
</testsuite> <!-- Cloud test -->
