<?xml version="1.0" encoding="UTF-8"?>
<testng-results skipped="0" failed="0" ignored="0" total="4" passed="4">
  <reporter-output>
    <line>
      <![CDATA[Finding element: By.id: mailbox:login, current URL: 'https://mail.ru/']]>
    </line>
    <line>
      <![CDATA[Finding element: By.id: mailbox:login, current URL: 'https://mail.ru/']]>
    </line>
    <line>
      <![CDATA[Finding element: By.id: mailbox:login, current URL: 'https://mail.ru/']]>
    </line>
    <line>
      <![CDATA[Finding element: By.id: mailbox:password, current URL: 'https://mail.ru/']]>
    </line>
    <line>
      <![CDATA[Finding element: By.xpath: //*[@id='mailbox:submit']/input, current URL: 'https://mail.ru/']]>
    </line>
    <line>
      <![CDATA[Finding element: By.xpath: //*[@id='PH_user-email'], current URL: 'https://mail.ru/']]>
    </line>
    <line>
      <![CDATA[Finding element: By.xpath: //*[@id='PH_user-email'], current URL: 'https://e.mail.ru/messages/inbox/?back=1']]>
    </line>
    <line>
      <![CDATA[Finding element: By.xpath: //*[@id='PH_user-email'], current URL: 'https://e.mail.ru/messages/inbox/?back=1']]>
    </line>
    <line>
      <![CDATA[Finding element: By.xpath: //*[@id='PH_user-email'], current URL: 'https://e.mail.ru/messages/inbox/?back=1']]>
    </line>
    <line>
      <![CDATA[Finding element: By.xpath: //*[@id='PH_user-email'], current URL: 'https://e.mail.ru/messages/inbox/?back=1']]>
    </line>
    <line>
      <![CDATA[Finding element: By.xpath: //span[@class='js-text-inner pm-toolbar__button__text__inner' and contains(string(), 'Облако')], current URL: 'https://e.mail.ru/messages/inbox/?back=1']]>
    </line>
    <line>
      <![CDATA[Finding element: By.xpath: //div[@class='b-panel__close__icon'], current URL: 'https://cloud.mail.ru/?utm_source=emailru.bluenaviicon.cloud&utm_medium=link&utm_campaign=cloud']]>
    </line>
    <line>
      <![CDATA[Finding element: By.xpath: //span[contains(string(), 'Создать папку')], current URL: 'https://cloud.mail.ru/home/']]>
    </line>
    <line>
      <![CDATA[Finding element: By.xpath: //span[contains(string(), 'Создать папку')], current URL: 'https://cloud.mail.ru/home/']]>
    </line>
    <line>
      <![CDATA[Finding element: By.xpath: //span[contains(string(), 'Создать папку')], current URL: 'https://cloud.mail.ru/home/']]>
    </line>
    <line>
      <![CDATA[Finding element: By.cssSelector:  input[placeholder], current URL: 'https://cloud.mail.ru/home/']]>
    </line>
    <line>
      <![CDATA[Finding element: By.cssSelector:  input[placeholder], current URL: 'https://cloud.mail.ru/home/']]>
    </line>
    <line>
      <![CDATA[Finding element: By.xpath: //div[@data-id='/Новая папка']//div[@class='b-checkbox__box'], current URL: 'https://cloud.mail.ru/home/']]>
    </line>
    <line>
      <![CDATA[Finding element: By.xpath: //span[contains(string(), 'Удалить')], current URL: 'https://cloud.mail.ru/home/']]>
    </line>
    <line>
      <![CDATA[Finding element: By.xpath: //button[@data-name='remove'], current URL: 'https://cloud.mail.ru/home/']]>
    </line>
    <line>
      <![CDATA[Finding element: By.xpath: //div[@class='layer__footer']/button[@data-name='close'], current URL: 'https://cloud.mail.ru/home/']]>
    </line>
    <line>
      <![CDATA[Finding element: By.xpath: //div[@data-id='/Pictures']/*[@class='b-thumb__content'], current URL: 'https://cloud.mail.ru/home/']]>
    </line>
    <line>
      <![CDATA[Finding element: By.xpath: //div[@data-id='/Pictures']/*[@class='b-thumb__content'], current URL: 'https://cloud.mail.ru/home/']]>
    </line>
    <line>
      <![CDATA[Finding element: By.xpath: //div[@data-id='/Pictures']/*[@class='b-thumb__content'], current URL: 'https://cloud.mail.ru/home/']]>
    </line>
  </reporter-output>
  <suite name="Main suite" duration-ms="0" started-at="2018-12-24T14:47:26 ALMT" finished-at="2018-12-24T14:47:26 ALMT">
    <groups>
    </groups>
  </suite> <!-- Main suite -->
  <suite name="Tests" duration-ms="29843" started-at="2018-12-24T14:46:56 ALMT" finished-at="2018-12-24T14:47:26 ALMT">
    <groups>
    </groups>
    <test name="Cloud test" duration-ms="29843" started-at="2018-12-24T14:46:56 ALMT" finished-at="2018-12-24T14:47:26 ALMT">
      <class name="tests.CloudTest">
        <test-method status="PASS" signature="login()[pri:0, instance:tests.CloudTest@cb644e]" name="login" is-config="true" duration-ms="8371" started-at="2018-12-24T14:46:56 ALMT" finished-at="2018-12-24T14:47:05 ALMT">
          <reporter-output>
            <line>
              <![CDATA[Finding element: By.id: mailbox:login, current URL: 'https://mail.ru/']]>
            </line>
            <line>
              <![CDATA[Finding element: By.id: mailbox:login, current URL: 'https://mail.ru/']]>
            </line>
            <line>
              <![CDATA[Finding element: By.id: mailbox:login, current URL: 'https://mail.ru/']]>
            </line>
            <line>
              <![CDATA[Finding element: By.id: mailbox:password, current URL: 'https://mail.ru/']]>
            </line>
            <line>
              <![CDATA[Finding element: By.xpath: //*[@id='mailbox:submit']/input, current URL: 'https://mail.ru/']]>
            </line>
          </reporter-output>
        </test-method> <!-- login -->
        <test-method status="PASS" signature="loginTest()[pri:0, instance:tests.CloudTest@cb644e]" name="loginTest" duration-ms="9903" started-at="2018-12-24T14:47:05 ALMT" description="Login test" finished-at="2018-12-24T14:47:15 ALMT">
          <reporter-output>
            <line>
              <![CDATA[Finding element: By.xpath: //*[@id='PH_user-email'], current URL: 'https://mail.ru/']]>
            </line>
            <line>
              <![CDATA[Finding element: By.xpath: //*[@id='PH_user-email'], current URL: 'https://e.mail.ru/messages/inbox/?back=1']]>
            </line>
            <line>
              <![CDATA[Finding element: By.xpath: //*[@id='PH_user-email'], current URL: 'https://e.mail.ru/messages/inbox/?back=1']]>
            </line>
            <line>
              <![CDATA[Finding element: By.xpath: //*[@id='PH_user-email'], current URL: 'https://e.mail.ru/messages/inbox/?back=1']]>
            </line>
            <line>
              <![CDATA[Finding element: By.xpath: //*[@id='PH_user-email'], current URL: 'https://e.mail.ru/messages/inbox/?back=1']]>
            </line>
          </reporter-output>
        </test-method> <!-- loginTest -->
        <test-method status="PASS" signature="createFolder()[pri:0, instance:tests.CloudTest@cb644e]" name="createFolder" duration-ms="8458" started-at="2018-12-24T14:47:15 ALMT" depends-on-methods="tests.CloudTest.loginTest" finished-at="2018-12-24T14:47:23 ALMT">
          <reporter-output>
            <line>
              <![CDATA[Finding element: By.xpath: //span[@class='js-text-inner pm-toolbar__button__text__inner' and contains(string(), 'Облако')], current URL: 'https://e.mail.ru/messages/inbox/?back=1']]>
            </line>
            <line>
              <![CDATA[Finding element: By.xpath: //div[@class='b-panel__close__icon'], current URL: 'https://cloud.mail.ru/?utm_source=emailru.bluenaviicon.cloud&utm_medium=link&utm_campaign=cloud']]>
            </line>
            <line>
              <![CDATA[Finding element: By.xpath: //span[contains(string(), 'Создать папку')], current URL: 'https://cloud.mail.ru/home/']]>
            </line>
            <line>
              <![CDATA[Finding element: By.xpath: //span[contains(string(), 'Создать папку')], current URL: 'https://cloud.mail.ru/home/']]>
            </line>
            <line>
              <![CDATA[Finding element: By.xpath: //span[contains(string(), 'Создать папку')], current URL: 'https://cloud.mail.ru/home/']]>
            </line>
            <line>
              <![CDATA[Finding element: By.cssSelector:  input[placeholder], current URL: 'https://cloud.mail.ru/home/']]>
            </line>
            <line>
              <![CDATA[Finding element: By.cssSelector:  input[placeholder], current URL: 'https://cloud.mail.ru/home/']]>
            </line>
          </reporter-output>
        </test-method> <!-- createFolder -->
        <test-method status="PASS" signature="removeTheFolder()[pri:0, instance:tests.CloudTest@cb644e]" name="removeTheFolder" duration-ms="1518" started-at="2018-12-24T14:47:23 ALMT" depends-on-methods="tests.CloudTest.createFolder" finished-at="2018-12-24T14:47:25 ALMT">
          <reporter-output>
            <line>
              <![CDATA[Finding element: By.xpath: //div[@data-id='/Новая папка']//div[@class='b-checkbox__box'], current URL: 'https://cloud.mail.ru/home/']]>
            </line>
            <line>
              <![CDATA[Finding element: By.xpath: //span[contains(string(), 'Удалить')], current URL: 'https://cloud.mail.ru/home/']]>
            </line>
            <line>
              <![CDATA[Finding element: By.xpath: //button[@data-name='remove'], current URL: 'https://cloud.mail.ru/home/']]>
            </line>
            <line>
              <![CDATA[Finding element: By.xpath: //div[@class='layer__footer']/button[@data-name='close'], current URL: 'https://cloud.mail.ru/home/']]>
            </line>
          </reporter-output>
        </test-method> <!-- removeTheFolder -->
        <test-method status="PASS" signature="doubleClickTest()[pri:0, instance:tests.CloudTest@cb644e]" name="doubleClickTest" duration-ms="249" started-at="2018-12-24T14:47:25 ALMT" depends-on-methods="tests.CloudTest.removeTheFolder" finished-at="2018-12-24T14:47:25 ALMT">
          <reporter-output>
            <line>
              <![CDATA[Finding element: By.xpath: //div[@data-id='/Pictures']/*[@class='b-thumb__content'], current URL: 'https://cloud.mail.ru/home/']]>
            </line>
            <line>
              <![CDATA[Finding element: By.xpath: //div[@data-id='/Pictures']/*[@class='b-thumb__content'], current URL: 'https://cloud.mail.ru/home/']]>
            </line>
            <line>
              <![CDATA[Finding element: By.xpath: //div[@data-id='/Pictures']/*[@class='b-thumb__content'], current URL: 'https://cloud.mail.ru/home/']]>
            </line>
          </reporter-output>
        </test-method> <!-- doubleClickTest -->
        <test-method status="PASS" signature="kill()[pri:0, instance:tests.CloudTest@cb644e]" name="kill" is-config="true" duration-ms="1288" started-at="2018-12-24T14:47:25 ALMT" description="closePanel browser" finished-at="2018-12-24T14:47:26 ALMT">
          <reporter-output>
          </reporter-output>
        </test-method> <!-- kill -->
      </class> <!-- tests.CloudTest -->
    </test> <!-- Cloud test -->
  </suite> <!-- Tests -->
</testng-results>
